<?xml version="1.0" encoding="UTF-8"?>
<!-- Generated by org.testng.reporters.JUnitReportReporter -->
<testsuite skipped="0" hostname="LENOVO-PC" name="com.crm.comcast.org.Test.checkingproject" tests="1" failures="0" timestamp="13 Jan 2022 05:08:03 GMT" time="0.920" errors="0">
  <testcase name="unittest" time="0.920" classname="com.crm.comcast.org.Test.checkingproject"/>
</testsuite> <!-- com.crm.comcast.org.Test.checkingproject -->
