<?xml version="1.0" encoding="UTF-8"?>
<!-- Generated by org.testng.reporters.JUnitReportReporter -->
<testsuite skipped="0" hostname="LENOVO-PC" name="practice.BookTicket" tests="5" failures="0" timestamp="20 Jan 2022 09:49:01 GMT" time="0.062" errors="0">
  <testcase name="bookTestTickets" time="0.005" classname="practice.BookTicket"/>
  <testcase name="bookTestTickets" time="0.034" classname="practice.BookTicket"/>
  <testcase name="bookTestTickets" time="0.006" classname="practice.BookTicket"/>
  <testcase name="bookTestTickets" time="0.006" classname="practice.BookTicket"/>
  <testcase name="bookTestTickets" time="0.011" classname="practice.BookTicket"/>
</testsuite> <!-- practice.BookTicket -->
