<?xml version="1.0" encoding="UTF-8"?>
<!-- Generated by org.testng.reporters.JUnitReportReporter -->
<testsuite skipped="0" hostname="LENOVO-PC" name="Vtiger_contact.CreateContact" tests="4" failures="0" timestamp="21 Jan 2022 10:25:05 GMT" time="275.431" errors="0">
  <testcase name="CreateNewContactsByPOM" time="37.694" classname="Vtiger_contact.CreateContact"/>
  <testcase name="CreateContactWithOrganizationByPOM" time="96.182" classname="Vtiger_contact.CreateContact"/>
  <testcase name="CreateContactWithOrganizationByPOM" time="88.751" classname="Vtiger_contact.CreateContact"/>
  <testcase name="CreateNewContactsByPOM" time="52.804" classname="Vtiger_contact.CreateContact"/>
</testsuite> <!-- Vtiger_contact.CreateContact -->
